<?xml version="1.0" encoding="UTF-8"?>
<testng-results ignored="0" total="1" passed="1" failed="0" skipped="0">
  <reporter-output>
  </reporter-output>
  <suite started-at="2023-07-08T17:23:38 IST" name="Suite" finished-at="2023-07-08T17:23:38 IST" duration-ms="28">
    <groups>
    </groups>
    <test started-at="2023-07-08T17:23:38 IST" name="Test" finished-at="2023-07-08T17:23:38 IST" duration-ms="28">
      <class name="Seleneium_Package.TestNg_first">
        <test-method signature="method()[pri:0, instance:Seleneium_Package.TestNg_first@72d1ad2e]" started-at="2023-07-08T17:23:38 IST" name="method" finished-at="2023-07-08T17:23:38 IST" duration-ms="4" status="PASS">
          <reporter-output>
          </reporter-output>
        </test-method> <!-- method -->
      </class> <!-- Seleneium_Package.TestNg_first -->
    </test> <!-- Test -->
  </suite> <!-- Suite -->
</testng-results>
